  Experto.cpp
  ExpertoDifuso.cpp
  Regla.cpp
  ReglaSemantica.cpp
  First.cpp
  General.cpp
  Highest.cpp
  Last.cpp
  Lowest.cpp
  Proportional.cpp
  Threshold.cpp
  Benchmark.cpp
  Complexity.cpp
  Console.cpp
  Bisector.cpp
  Centroid.cpp
  IntegralDefuzzifier.cpp
  LargestOfMaximum.cpp
  MeanOfMaximum.cpp
  SmallestOfMaximum.cpp
  Generando código...
  Compilando...
  WeightedAverage.cpp
  WeightedAverageCustom.cpp
  WeightedDefuzzifier.cpp
  WeightedSum.cpp
  WeightedSumCustom.cpp
  Engine.cpp
  Exception.cpp
  ActivationFactory.cpp
  DefuzzifierFactory.cpp
  FactoryManager.cpp
  FunctionFactory.cpp
  HedgeFactory.cpp
  SNormFactory.cpp
  TermFactory.cpp
  TNormFactory.cpp
  fuzzylite.cpp
  Any.cpp
  Extremely.cpp
  HedgeFunction.cpp
  Not.cpp
  Generando código...
  Compilando...
  Seldom.cpp
  Somewhat.cpp
  Very.cpp
  CppExporter.cpp
  Exporter.cpp
  FclExporter.cpp
  FclImporter.cpp
  FisExporter.cpp
  FisImporter.cpp
  FldExporter.cpp
  FllExporter.cpp
  FllImporter.cpp
  Importer.cpp
  JavaExporter.cpp
  RScriptExporter.cpp
  main.cpp
  AlgebraicSum.cpp
  BoundedSum.cpp
  DrasticSum.cpp
  EinsteinSum.cpp
  Generando código...
  Compilando...
  HamacherSum.cpp
  Maximum.cpp
  NilpotentMaximum.cpp
  NormalizedSum.cpp
  SNormFunction.cpp
  UnboundedSum.cpp
  AlgebraicProduct.cpp
  BoundedDifference.cpp
  DrasticProduct.cpp
  EinsteinProduct.cpp
  HamacherProduct.cpp
  Minimum.cpp
  NilpotentMinimum.cpp
  TNormFunction.cpp
  Antecedent.cpp
  Consequent.cpp
  Expression.cpp
  Rule.cpp
  RuleBlock.cpp
  Activated.cpp
  Generando código...
  Compilando...
  Aggregated.cpp
  Bell.cpp
  Binary.cpp
  Concave.cpp
  Constant.cpp
  Cosine.cpp
  Discrete.cpp
  Function.cpp
  Gaussian.cpp
  GaussianProduct.cpp
  Linear.cpp
  PiShape.cpp
  Ramp.cpp
  Rectangle.cpp
  Sigmoid.cpp
  SigmoidDifference.cpp
  SigmoidProduct.cpp
  Spike.cpp
  SShape.cpp
  Term.cpp
  Generando código...
  Compilando...
  Trapezoid.cpp
  Triangle.cpp
  ZShape.cpp
  InputVariable.cpp
  OutputVariable.cpp
  Variable.cpp
  Generando código...
  Experto.vcxproj -> C:\Users\Camila\source\repos\SistemaExperto\Debug\Experto.lib
