c:\users\camila\source\repos\sistemaexperto\experto\debug\experto.pdb
c:\users\camila\source\repos\sistemaexperto\experto\debug\experto.idb
c:\users\camila\source\repos\sistemaexperto\experto\debug\smallestofmaximum.obj
c:\users\camila\source\repos\sistemaexperto\experto\debug\meanofmaximum.obj
c:\users\camila\source\repos\sistemaexperto\experto\debug\largestofmaximum.obj
c:\users\camila\source\repos\sistemaexperto\experto\debug\integraldefuzzifier.obj
c:\users\camila\source\repos\sistemaexperto\experto\debug\centroid.obj
c:\users\camila\source\repos\sistemaexperto\experto\debug\bisector.obj
c:\users\camila\source\repos\sistemaexperto\experto\debug\console.obj
c:\users\camila\source\repos\sistemaexperto\experto\debug\complexity.obj
c:\users\camila\source\repos\sistemaexperto\experto\debug\benchmark.obj
c:\users\camila\source\repos\sistemaexperto\experto\debug\threshold.obj
c:\users\camila\source\repos\sistemaexperto\experto\debug\proportional.obj
c:\users\camila\source\repos\sistemaexperto\experto\debug\lowest.obj
c:\users\camila\source\repos\sistemaexperto\experto\debug\last.obj
c:\users\camila\source\repos\sistemaexperto\experto\debug\highest.obj
c:\users\camila\source\repos\sistemaexperto\experto\debug\general.obj
c:\users\camila\source\repos\sistemaexperto\experto\debug\first.obj
c:\users\camila\source\repos\sistemaexperto\experto\debug\reglasemantica.obj
c:\users\camila\source\repos\sistemaexperto\experto\debug\regla.obj
c:\users\camila\source\repos\sistemaexperto\experto\debug\expertodifuso.obj
c:\users\camila\source\repos\sistemaexperto\experto\debug\experto.obj
c:\users\camila\source\repos\sistemaexperto\experto\debug\not.obj
c:\users\camila\source\repos\sistemaexperto\experto\debug\hedgefunction.obj
c:\users\camila\source\repos\sistemaexperto\experto\debug\extremely.obj
c:\users\camila\source\repos\sistemaexperto\experto\debug\any.obj
c:\users\camila\source\repos\sistemaexperto\experto\debug\fuzzylite.obj
c:\users\camila\source\repos\sistemaexperto\experto\debug\tnormfactory.obj
c:\users\camila\source\repos\sistemaexperto\experto\debug\termfactory.obj
c:\users\camila\source\repos\sistemaexperto\experto\debug\snormfactory.obj
c:\users\camila\source\repos\sistemaexperto\experto\debug\hedgefactory.obj
c:\users\camila\source\repos\sistemaexperto\experto\debug\functionfactory.obj
c:\users\camila\source\repos\sistemaexperto\experto\debug\factorymanager.obj
c:\users\camila\source\repos\sistemaexperto\experto\debug\defuzzifierfactory.obj
c:\users\camila\source\repos\sistemaexperto\experto\debug\activationfactory.obj
c:\users\camila\source\repos\sistemaexperto\experto\debug\exception.obj
c:\users\camila\source\repos\sistemaexperto\experto\debug\engine.obj
c:\users\camila\source\repos\sistemaexperto\experto\debug\weightedsumcustom.obj
c:\users\camila\source\repos\sistemaexperto\experto\debug\weightedsum.obj
c:\users\camila\source\repos\sistemaexperto\experto\debug\weighteddefuzzifier.obj
c:\users\camila\source\repos\sistemaexperto\experto\debug\weightedaveragecustom.obj
c:\users\camila\source\repos\sistemaexperto\experto\debug\weightedaverage.obj
c:\users\camila\source\repos\sistemaexperto\experto\debug\einsteinsum.obj
c:\users\camila\source\repos\sistemaexperto\experto\debug\drasticsum.obj
c:\users\camila\source\repos\sistemaexperto\experto\debug\boundedsum.obj
c:\users\camila\source\repos\sistemaexperto\experto\debug\algebraicsum.obj
c:\users\camila\source\repos\sistemaexperto\experto\debug\main.obj
c:\users\camila\source\repos\sistemaexperto\experto\debug\rscriptexporter.obj
c:\users\camila\source\repos\sistemaexperto\experto\debug\javaexporter.obj
c:\users\camila\source\repos\sistemaexperto\experto\debug\importer.obj
c:\users\camila\source\repos\sistemaexperto\experto\debug\fllimporter.obj
c:\users\camila\source\repos\sistemaexperto\experto\debug\fllexporter.obj
c:\users\camila\source\repos\sistemaexperto\experto\debug\fldexporter.obj
c:\users\camila\source\repos\sistemaexperto\experto\debug\fisimporter.obj
c:\users\camila\source\repos\sistemaexperto\experto\debug\fisexporter.obj
c:\users\camila\source\repos\sistemaexperto\experto\debug\fclimporter.obj
c:\users\camila\source\repos\sistemaexperto\experto\debug\fclexporter.obj
c:\users\camila\source\repos\sistemaexperto\experto\debug\exporter.obj
c:\users\camila\source\repos\sistemaexperto\experto\debug\cppexporter.obj
c:\users\camila\source\repos\sistemaexperto\experto\debug\very.obj
c:\users\camila\source\repos\sistemaexperto\experto\debug\somewhat.obj
c:\users\camila\source\repos\sistemaexperto\experto\debug\seldom.obj
c:\users\camila\source\repos\sistemaexperto\experto\debug\activated.obj
c:\users\camila\source\repos\sistemaexperto\experto\debug\ruleblock.obj
c:\users\camila\source\repos\sistemaexperto\experto\debug\rule.obj
c:\users\camila\source\repos\sistemaexperto\experto\debug\expression.obj
c:\users\camila\source\repos\sistemaexperto\experto\debug\consequent.obj
c:\users\camila\source\repos\sistemaexperto\experto\debug\antecedent.obj
c:\users\camila\source\repos\sistemaexperto\experto\debug\tnormfunction.obj
c:\users\camila\source\repos\sistemaexperto\experto\debug\nilpotentminimum.obj
c:\users\camila\source\repos\sistemaexperto\experto\debug\minimum.obj
c:\users\camila\source\repos\sistemaexperto\experto\debug\hamacherproduct.obj
c:\users\camila\source\repos\sistemaexperto\experto\debug\einsteinproduct.obj
c:\users\camila\source\repos\sistemaexperto\experto\debug\drasticproduct.obj
c:\users\camila\source\repos\sistemaexperto\experto\debug\boundeddifference.obj
c:\users\camila\source\repos\sistemaexperto\experto\debug\algebraicproduct.obj
c:\users\camila\source\repos\sistemaexperto\experto\debug\unboundedsum.obj
c:\users\camila\source\repos\sistemaexperto\experto\debug\snormfunction.obj
c:\users\camila\source\repos\sistemaexperto\experto\debug\normalizedsum.obj
c:\users\camila\source\repos\sistemaexperto\experto\debug\nilpotentmaximum.obj
c:\users\camila\source\repos\sistemaexperto\experto\debug\maximum.obj
c:\users\camila\source\repos\sistemaexperto\experto\debug\hamachersum.obj
c:\users\camila\source\repos\sistemaexperto\experto\debug\term.obj
c:\users\camila\source\repos\sistemaexperto\experto\debug\sshape.obj
c:\users\camila\source\repos\sistemaexperto\experto\debug\spike.obj
c:\users\camila\source\repos\sistemaexperto\experto\debug\sigmoidproduct.obj
c:\users\camila\source\repos\sistemaexperto\experto\debug\sigmoiddifference.obj
c:\users\camila\source\repos\sistemaexperto\experto\debug\sigmoid.obj
c:\users\camila\source\repos\sistemaexperto\experto\debug\rectangle.obj
c:\users\camila\source\repos\sistemaexperto\experto\debug\ramp.obj
c:\users\camila\source\repos\sistemaexperto\experto\debug\pishape.obj
c:\users\camila\source\repos\sistemaexperto\experto\debug\linear.obj
c:\users\camila\source\repos\sistemaexperto\experto\debug\gaussianproduct.obj
c:\users\camila\source\repos\sistemaexperto\experto\debug\gaussian.obj
c:\users\camila\source\repos\sistemaexperto\experto\debug\function.obj
c:\users\camila\source\repos\sistemaexperto\experto\debug\discrete.obj
c:\users\camila\source\repos\sistemaexperto\experto\debug\cosine.obj
c:\users\camila\source\repos\sistemaexperto\experto\debug\constant.obj
c:\users\camila\source\repos\sistemaexperto\experto\debug\concave.obj
c:\users\camila\source\repos\sistemaexperto\experto\debug\binary.obj
c:\users\camila\source\repos\sistemaexperto\experto\debug\bell.obj
c:\users\camila\source\repos\sistemaexperto\experto\debug\aggregated.obj
c:\users\camila\source\repos\sistemaexperto\experto\debug\variable.obj
c:\users\camila\source\repos\sistemaexperto\experto\debug\outputvariable.obj
c:\users\camila\source\repos\sistemaexperto\experto\debug\inputvariable.obj
c:\users\camila\source\repos\sistemaexperto\experto\debug\zshape.obj
c:\users\camila\source\repos\sistemaexperto\experto\debug\triangle.obj
c:\users\camila\source\repos\sistemaexperto\experto\debug\trapezoid.obj
c:\users\camila\source\repos\sistemaexperto\debug\experto.lib
c:\users\camila\source\repos\sistemaexperto\debug\experto.pdb
c:\users\camila\source\repos\sistemaexperto\experto\debug\experto.tlog\cl.command.1.tlog
c:\users\camila\source\repos\sistemaexperto\experto\debug\experto.tlog\cl.read.1.tlog
c:\users\camila\source\repos\sistemaexperto\experto\debug\experto.tlog\cl.write.1.tlog
c:\users\camila\source\repos\sistemaexperto\experto\debug\experto.tlog\lib-link.read.1.tlog
c:\users\camila\source\repos\sistemaexperto\experto\debug\experto.tlog\lib-link.write.1.tlog
c:\users\camila\source\repos\sistemaexperto\experto\debug\experto.tlog\lib.command.1.tlog
